<?xml version="1.0" encoding="UTF-8"?>
<!-- Generated by org.testng.reporters.JUnitReportReporter -->
<testsuite skipped="0" hostname="QINDW143" name="com.bonify.test.com.bonify.test.suites.Sanity_Tests" tests="1" failures="0" timestamp="31 Oct 2018 07:46:55 GMT" time="0.893" errors="0">
  <testcase name="TC_01_Verify_Sanity_Login_With_Valid_Credentials" time="0.893" classname="com.bonify.test.com.bonify.test.suites.Sanity_Tests"/>
</testsuite> <!-- com.bonify.test.com.bonify.test.suites.Sanity_Tests -->
