<?xml version="1.0" encoding="UTF-8"?>
<!-- Generated by org.testng.reporters.JUnitReportReporter -->
<testsuite skipped="0" hostname="QINDW143" name="com.bonify.test.suites.RoughTest" tests="1" failures="0" timestamp="19 Nov 2018 13:53:01 GMT" time="0.009" errors="0">
  <testcase name="f" time="0.009" classname="com.bonify.test.suites.RoughTest"/>
</testsuite> <!-- com.bonify.test.suites.RoughTest -->
