<?xml version="1.0" encoding="UTF-8"?>
<!-- Generated by org.testng.reporters.JUnitReportReporter -->
<testsuite skipped="0" hostname="QINDW143" name="com.bonify.test.com.bonify.test.suites.Login_Page_Test" tests="11" failures="0" timestamp="31 Oct 2018 07:03:33 GMT" time="1.414" errors="0">
  <testcase name="TC_05_Verify_Forgot_Password_Link" time="0.126" classname="com.bonify.test.com.bonify.test.suites.Login_Page_Test"/>
  <testcase name="TC_10_Verify_Datenschutz_Link" time="0.100" classname="com.bonify.test.com.bonify.test.suites.Login_Page_Test"/>
  <testcase name="TC_07_Verify_Register_Button" time="0.113" classname="com.bonify.test.com.bonify.test.suites.Login_Page_Test"/>
  <testcase name="TC_02_Verify_HeaderText" time="0.194" classname="com.bonify.test.com.bonify.test.suites.Login_Page_Test"/>
  <testcase name="TC_06_Verify_Login_Button" time="0.117" classname="com.bonify.test.com.bonify.test.suites.Login_Page_Test"/>
  <testcase name="TC_01_Verify_Page_Titile" time="0.011" classname="com.bonify.test.com.bonify.test.suites.Login_Page_Test"/>
  <testcase name="TC_08_Verify_impressum_Link" time="0.100" classname="com.bonify.test.com.bonify.test.suites.Login_Page_Test"/>
  <testcase name="TC_04_Verify_Password_Field" time="0.239" classname="com.bonify.test.com.bonify.test.suites.Login_Page_Test"/>
  <testcase name="TC_11_Verify_Datenschutz_Link" time="0.095" classname="com.bonify.test.com.bonify.test.suites.Login_Page_Test"/>
  <testcase name="TC_03_Verify_UserName_Field" time="0.211" classname="com.bonify.test.com.bonify.test.suites.Login_Page_Test"/>
  <testcase name="TC_09_Verify_impressum_Link" time="0.108" classname="com.bonify.test.com.bonify.test.suites.Login_Page_Test"/>
</testsuite> <!-- com.bonify.test.com.bonify.test.suites.Login_Page_Test -->
